-------------------------------------------------------------------------------
Test set: sample.application.Sample.Boot.Application.SampleBootApplicationTests
-------------------------------------------------------------------------------
Tests run: 1, Failures: 0, Errors: 1, Skipped: 0, Time elapsed: 0.404 s <<< FAILURE! - in sample.application.Sample.Boot.Application.SampleBootApplicationTests
initializationError(sample.application.Sample.Boot.Application.SampleBootApplicationTests)  Time elapsed: 0.009 s  <<< ERROR!
java.lang.IllegalStateException: Unable to find a @SpringBootConfiguration, you need to use @ContextConfiguration or @SpringBootTest(classes=...) with your test

