<?xml version="1.0" encoding="UTF-8"?>
<testsuite xmlns:xsi="http://www.w3.org/2001/XMLSchema-instance" xsi:noNamespaceSchemaLocation="https://maven.apache.org/surefire/maven-surefire-plugin/xsd/surefire-test-report.xsd" name="sample.application.Sample.Boot.Application.SampleBootApplicationTests" time="0.404" tests="1" errors="1" skipped="0" failures="0">
  <properties>
[...]
</properties>
  <testcase name="initializationError" classname="sample.application.Sample.Boot.Application.SampleBootApplicationTests" time="0.009">
    <error message="Unable to find a @SpringBootConfiguration, you need to use @ContextConfiguration or @SpringBootTest(classes=...) with your test" type="java.lang.IllegalStateException">java.lang.IllegalStateException: Unable to find a @SpringBootConfiguration, you need to use @ContextConfiguration or @SpringBootTest(classes=...) with your test
</error>
    <system-out><![CDATA[13:19:23.677 [main] DEBUG org.springframework.test.context.junit4.SpringJUnit4ClassRunner - SpringJUnit4ClassRunner constructor called with [class sample.application.Sample.Boot.Application.SampleBootApplicationTests]
13:19:23.685 [main] DEBUG org.springframework.test.context.BootstrapUtils - Instantiating CacheAwareContextLoaderDelegate from class [org.springframework.test.context.cache.DefaultCacheAwareContextLoaderDelegate]
13:19:23.698 [main] DEBUG org.springframework.test.context.BootstrapUtils - Instantiating BootstrapContext using constructor [public org.springframework.test.context.support.DefaultBootstrapContext(java.lang.Class,org.springframework.test.context.CacheAwareContextLoaderDelegate)]
13:19:23.727 [main] DEBUG org.springframework.test.context.BootstrapUtils - Instantiating TestContextBootstrapper for test class [sample.application.Sample.Boot.Application.SampleBootApplicationTests] from class [org.springframework.boot.test.context.SpringBootTestContextBootstrapper]
13:19:23.743 [main] INFO org.springframework.boot.test.context.SpringBootTestContextBootstrapper - Neither @ContextConfiguration nor @ContextHierarchy found for test class [sample.application.Sample.Boot.Application.SampleBootApplicationTests], using SpringBootContextLoader
13:19:23.747 [main] DEBUG org.springframework.test.context.support.AbstractContextLoader - Did not detect default resource location for test class [sample.application.Sample.Boot.Application.SampleBootApplicationTests]: class path resource [sample/application/Sample/Boot/Application/SampleBootApplicationTests-context.xml] does not exist
13:19:23.747 [main] DEBUG org.springframework.test.context.support.AbstractContextLoader - Did not detect default resource location for test class [sample.application.Sample.Boot.Application.SampleBootApplicationTests]: class path resource [sample/application/Sample/Boot/Application/SampleBootApplicationTestsContext.groovy] does not exist
13:19:23.748 [main] INFO org.springframework.test.context.support.AbstractContextLoader - Could not detect default resource locations for test class [sample.application.Sample.Boot.Application.SampleBootApplicationTests]: no resource found for suffixes {-context.xml, Context.groovy}.
13:19:23.749 [main] INFO org.springframework.test.context.support.AnnotationConfigContextLoaderUtils - Could not detect default configuration classes for test class [sample.application.Sample.Boot.Application.SampleBootApplicationTests]: SampleBootApplicationTests does not declare any static, non-private, non-final, nested classes annotated with @Configuration.
13:19:23.811 [main] DEBUG org.springframework.test.context.support.ActiveProfilesUtils - Could not find an 'annotation declaring class' for annotation type [org.springframework.test.context.ActiveProfiles] and class [sample.application.Sample.Boot.Application.SampleBootApplicationTests]
]]></system-out>
  </testcase>
</testsuite>